
/home/runner/work/exp-strain-ageing-iitk/exp-strain-ageing-iitk/experiment/simulation/js/components.js
   917:12  warning  'UTM' is defined but never used            no-unused-vars
   937:24  warning  'ContextMenu' is not defined               no-undef
   937:45  warning  'ContextMenu' is not defined               no-undef
  1000:25  warning  'ContextMenu' is not defined               no-undef
  1054:11  warning  'step' is not defined                      no-undef
  1055:24  warning  'step' is not defined                      no-undef
  1066:11  warning  'step' is not defined                      no-undef
  1067:24  warning  'step' is not defined                      no-undef
  1090:7   warning  'boundary' is not defined                  no-undef
  1099:15  warning  'boundary' is not defined                  no-undef
  1099:36  warning  'boundary' is not defined                  no-undef
  1099:57  warning  'boundary' is not defined                  no-undef
  1099:78  warning  'boundary' is not defined                  no-undef
  1118:14  warning  'drawLine' is defined but never used       no-unused-vars
  1125:29  warning  'event' is defined but never used          no-unused-vars
  1138:31  warning  'event' is defined but never used          no-unused-vars
  1147:13  warning  'rect' is assigned a value but never used  no-unused-vars
  1219:25  warning  'ContextMenu' is not defined               no-undef
  1281:12  warning  'Sample1' is defined but never used        no-unused-vars
  1284:19  warning  'SAMPLE_ASSETS_PATH' is not defined        no-undef
  1299:24  warning  'ContextMenu' is not defined               no-undef
  1299:45  warning  'ContextMenu' is not defined               no-undef
  1301:27  warning  'ContextMenu' is not defined               no-undef
  1301:52  warning  'ContextMenu' is not defined               no-undef
  1326:25  warning  'ContextMenu' is not defined               no-undef
  1334:7   warning  'x' is not defined                         no-undef
  1335:7   warning  'y' is not defined                         no-undef
  1338:9   warning  'x' is not defined                         no-undef
  1338:14  warning  'x' is not defined                         no-undef
  1339:9   warning  'y' is not defined                         no-undef
  1339:14  warning  'y' is not defined                         no-undef
  1352:36  warning  'x' is not defined                         no-undef
  1352:39  warning  'y' is not defined                         no-undef
  1362:11  warning  'step' is not defined                      no-undef
  1363:24  warning  'step' is not defined                      no-undef
  1374:11  warning  'step' is not defined                      no-undef
  1375:24  warning  'step' is not defined                      no-undef
  1389:9   warning  'boundary' is not defined                  no-undef
  1396:9   warning  'boundary' is not defined                  no-undef
  1406:15  warning  'boundary' is not defined                  no-undef
  1406:36  warning  'boundary' is not defined                  no-undef
  1406:57  warning  'boundary' is not defined                  no-undef
  1406:78  warning  'boundary' is not defined                  no-undef
  1425:29  warning  'event' is defined but never used          no-unused-vars
  1440:13  warning  'utm' is not defined                       no-undef
  1440:20  warning  'utm' is not defined                       no-undef
  1440:38  warning  'utm' is not defined                       no-undef
  1441:11  warning  'utm' is not defined                       no-undef
  1443:20  warning  'vickers' is not defined                   no-undef
  1443:31  warning  'vickers' is not defined                   no-undef
  1443:53  warning  'vickers' is not defined                   no-undef
  1444:11  warning  'vickers' is not defined                   no-undef

/home/runner/work/exp-strain-ageing-iitk/exp-strain-ageing-iitk/experiment/simulation/js/context.js
  1:7  warning  'ContextMenu' is defined but never used  no-unused-vars

/home/runner/work/exp-strain-ageing-iitk/exp-strain-ageing-iitk/experiment/simulation/js/index.js
    2:7   warning  'schema' is assigned a value but never used               no-unused-vars
  165:7   warning  'engineering_strain2' is assigned a value but never used  no-unused-vars
  176:7   warning  'engineering_strain3' is assigned a value but never used  no-unused-vars
  190:5   warning  'sampleLength' is assigned a value but never used         no-unused-vars
  191:5   warning  'sampleDiameter' is assigned a value but never used       no-unused-vars
  192:5   warning  'sampleFinalLength' is assigned a value but never used    no-unused-vars
  193:5   warning  'sampleFinalDiameter' is assigned a value but never used  no-unused-vars
  202:9   warning  'utm' is not defined                                      no-undef
  202:14  warning  'utm' is not defined                                      no-undef
  206:10  warning  'handle' is defined but never used                        no-unused-vars
  211:10  warning  'handleStep1' is defined but never used                   no-unused-vars
  213:7   warning  'utm' is not defined                                      no-undef
  213:12  warning  'utm' is not defined                                      no-undef
  214:7   warning  'sample1' is not defined                                  no-undef
  214:16  warning  'sample1' is not defined                                  no-undef
  225:10  warning  'handleStep2' is defined but never used                   no-unused-vars
  227:7   warning  'utm' is not defined                                      no-undef
  227:12  warning  'utm' is not defined                                      no-undef
  228:7   warning  'sample1' is not defined                                  no-undef
  228:16  warning  'sample1' is not defined                                  no-undef
  230:8   warning  'utm' is not defined                                      no-undef
  230:16  warning  'utm' is not defined                                      no-undef
  235:8   warning  'utm' is not defined                                      no-undef
  256:5   warning  'utm' is not defined                                      no-undef
  263:7   warning  'utm' is not defined                                      no-undef
  374:11  warning  'utm' is not defined                                      no-undef
  433:3   warning  'sample1' is not defined                                  no-undef
  438:10  warning  'handleStep3' is defined but never used                   no-unused-vars
  451:10  warning  'handleStep4' is defined but never used                   no-unused-vars
  457:3   warning  'modal' is not defined                                    no-undef
  457:15  warning  'Modal' is not defined                                    no-undef
  563:3   warning  'modal' is not defined                                    no-undef
  573:38  warning  'Chart' is not defined                                    no-undef
  619:10  warning  'showGraph' is defined but never used                     no-unused-vars
  620:3   warning  'graphModal' is not defined                               no-undef
  620:20  warning  'Modal' is not defined                                    no-undef
  630:3   warning  'graphModal' is not defined                               no-undef

/home/runner/work/exp-strain-ageing-iitk/exp-strain-ageing-iitk/experiment/simulation/js/main.js
   11:5   warning  'vickers' is assigned a value but never used  no-unused-vars
   22:9   warning  'UTM' is not defined                          no-undef
   26:13  warning  'Sample1' is not defined                      no-undef
   59:10  warning  'i' is not defined                            no-undef
   59:18  warning  'i' is not defined                            no-undef
   59:36  warning  'i' is not defined                            no-undef
   60:12  warning  'j' is not defined                            no-undef
   60:20  warning  'j' is not defined                            no-undef
   60:39  warning  'j' is not defined                            no-undef
   61:22  warning  'i' is not defined                            no-undef
   61:25  warning  'j' is not defined                            no-undef
  131:24  warning  'event' is defined but never used             no-unused-vars
  170:5   warning  'img' is not defined                          no-undef
  171:5   warning  'img' is not defined                          no-undef
  172:5   warning  'img' is not defined                          no-undef
  173:5   warning  'img' is not defined                          no-undef
  174:33  warning  'img' is not defined                          no-undef
  175:24  warning  'img' is not defined                          no-undef
  189:40  warning  'e' is defined but never used                 no-unused-vars

/home/runner/work/exp-strain-ageing-iitk/exp-strain-ageing-iitk/experiment/simulation/js/modal.js
    4:7   warning  'Modal' is defined but never used  no-unused-vars
  110:40  warning  'e' is defined but never used      no-unused-vars
  121:40  warning  'e' is defined but never used      no-unused-vars
  132:40  warning  'e' is defined but never used      no-unused-vars

/home/runner/work/exp-strain-ageing-iitk/exp-strain-ageing-iitk/experiment/simulation/js/popover.js
  39:7  warning  'Popover' is defined but never used  no-unused-vars

✖ 114 problems (0 errors, 114 warnings)

